生成启动时间为 2016/5/20 14:39:31。
     1>项目“H:\program\最小生成树\最小生成树\最小生成树.vcxproj”在节点 2 上(build 个目标)。
     1>InitializeBuildStatus:
         正在创建“Debug\最小生成树.unsuccessfulbuild”，因为已指定“AlwaysCreate”。
       ClCompile:
         C:\Program Files (x86)\Microsoft Visual Studio 10.0\VC\bin\CL.exe /c /ZI /nologo /W3 /WX- /Od /Oy- /D _UNICODE /D UNICODE /Gm /EHsc /RTC1 /MDd /GS /fp:precise /Zc:wchar_t /Zc:forScope /Fo"Debug\\" /Fd"Debug\vc100.pdb" /Gd /TP /analyze- /errorReport:prompt test.cpp
         test.cpp
     1>h:\program\最小生成树\最小生成树\unionfindset.h(11): warning C4018: “<”: 有符号/无符号不匹配
     1>h:\program\最小生成树\最小生成树\mintree.h(79): warning C4018: “<”: 有符号/无符号不匹配
                 h:\program\最小生成树\最小生成树\mintree.h(54): 编译类 模板 成员函数“bool GraphLink<V,E>::Kruskal(GraphLink<V,E> &)”时
                 with
                 [
                     V=char,
                     E=int
                 ]
                 h:\program\最小生成树\最小生成树\test.cpp(9): 参见对正在编译的类 模板 实例化“GraphLink<V,E>”的引用
                 with
                 [
                     V=char,
                     E=int
                 ]
     1>h:\program\最小生成树\最小生成树\mintree.h(152): warning C4018: “<”: 有符号/无符号不匹配
                 h:\program\最小生成树\最小生成树\mintree.h(150): 编译类 模板 成员函数“void GraphLink<V,E>::Display(void)”时
                 with
                 [
                     V=char,
                     E=int
                 ]
     1>h:\program\最小生成树\最小生成树\mintree.h(158): warning C4018: “<”: 有符号/无符号不匹配
     1>h:\program\最小生成树\最小生成树\mintree.h(173): warning C4018: “<”: 有符号/无符号不匹配
                 h:\program\最小生成树\最小生成树\mintree.h(172): 编译类 模板 成员函数“void GraphLink<V,E>::Create(V *,const size_t)”时
                 with
                 [
                     V=char,
                     E=int
                 ]
     1>h:\program\最小生成树\最小生成树\mintree.h(188): warning C4018: “<”: 有符号/无符号不匹配
                 h:\program\最小生成树\最小生成树\mintree.h(187): 编译类 模板 成员函数“size_t GraphLink<V,E>::GetIndex(const V &)”时
                 with
                 [
                     V=char,
                     E=int
                 ]
     1>h:\program\最小生成树\最小生成树\mintree.h(193): warning C4715: “GraphLink<char,int>::GetIndex”: 不是所有的控件路径都返回值
       Link:
         C:\Program Files (x86)\Microsoft Visual Studio 10.0\VC\bin\link.exe /ERRORREPORT:PROMPT /OUT:"H:\program\最小生成树\Debug\最小生成树.exe" /NOLOGO kernel32.lib user32.lib gdi32.lib winspool.lib comdlg32.lib advapi32.lib shell32.lib ole32.lib oleaut32.lib uuid.lib odbc32.lib odbccp32.lib /MANIFEST /ManifestFile:"Debug\最小生成树.exe.intermediate.manifest" /MANIFESTUAC:"level='asInvoker' uiAccess='false'" /DEBUG /PDB:"H:\program\最小生成树\Debug\最小生成树.pdb" /TLBID:1 /DYNAMICBASE /NXCOMPAT /IMPLIB:"H:\program\最小生成树\Debug\最小生成树.lib" /MACHINE:X86 Debug\test.obj
         LINK : 没有找到 H:\program\最小生成树\Debug\最小生成树.exe 或上一个增量链接没有生成它；正在执行完全链接
         最小生成树.vcxproj -> H:\program\最小生成树\Debug\最小生成树.exe
       Manifest:
         C:\Program Files (x86)\Microsoft SDKs\Windows\v7.0A\bin\mt.exe /nologo /verbose /outputresource:"H:\program\最小生成树\Debug\最小生成树.exe;#1" /manifest "Debug\最小生成树.exe.intermediate.manifest"
       FinalizeBuildStatus:
         正在删除文件“Debug\最小生成树.unsuccessfulbuild”。
         正在对“Debug\最小生成树.lastbuildstate”执行 Touch 任务。
     1>已完成生成项目“H:\program\最小生成树\最小生成树\最小生成树.vcxproj”(build 个目标)的操作。

生成成功。

已用时间 00:00:05.44
